<?xml version="1.0" encoding="UTF-8"?>
<testsuite xmlns:xsi="http://www.w3.org/2001/XMLSchema-instance" xsi:noNamespaceSchemaLocation="https://maven.apache.org/surefire/maven-surefire-plugin/xsd/surefire-test-report-3.0.xsd" version="3.0" name="com.example.spring_app_aws.SpringAppAwsApplicationTests" time="1.441" tests="1" errors="0" skipped="0" failures="0">
  <properties>
[...]
</properties>
  <testcase name="contextLoads" classname="com.example.spring_app_aws.SpringAppAwsApplicationTests" time="0.415">
    <system-out><![CDATA[10:49:55.835 [main] INFO org.springframework.test.context.support.AnnotationConfigContextLoaderUtils -- Could not detect default configuration classes for test class [com.example.spring_app_aws.SpringAppAwsApplicationTests]: SpringAppAwsApplicationTests does not declare any static, non-private, non-final, nested classes annotated with @Configuration.
10:49:55.882 [main] INFO org.springframework.boot.test.context.SpringBootTestContextBootstrapper -- Found @SpringBootConfiguration com.example.spring_app_aws.SpringAppAwsApplication for test class com.example.spring_app_aws.SpringAppAwsApplicationTests

  .   ____          _            __ _ _
 /\\ / ___'_ __ _ _(_)_ __  __ _ \ \ \ \
( ( )\___ | '_ | '_| | '_ \/ _` | \ \ \ \
 \\/  ___)| |_)| | | | | || (_| |  ) ) ) )
  '  |____| .__|_| |_|_| |_\__, | / / / /
 =========|_|==============|___/=/_/_/_/

 :: Spring Boot ::                (v3.3.1)

2024-07-05T10:49:56.040-03:00  INFO 93439 --- [spring-app-aws] [           main] c.e.s.SpringAppAwsApplicationTests       : Starting SpringAppAwsApplicationTests using Java 21.0.3 with PID 93439 (started by jessikas in /Users/jessikas/Documents/cloud/spring-app-aws)
2024-07-05T10:49:56.041-03:00  INFO 93439 --- [spring-app-aws] [           main] c.e.s.SpringAppAwsApplicationTests       : No active profile set, falling back to 1 default profile: "default"
2024-07-05T10:49:56.698-03:00  INFO 93439 --- [spring-app-aws] [           main] o.s.b.a.e.web.EndpointLinksResolver      : Exposing 1 endpoint beneath base path '/actuator'
2024-07-05T10:49:56.730-03:00  INFO 93439 --- [spring-app-aws] [           main] c.e.s.SpringAppAwsApplicationTests       : Started SpringAppAwsApplicationTests in 0.794 seconds (process running for 1.201)
]]></system-out>
    <system-err><![CDATA[WARNING: A Java agent has been loaded dynamically (/Users/jessikas/.m2/repository/net/bytebuddy/byte-buddy-agent/1.14.17/byte-buddy-agent-1.14.17.jar)
WARNING: If a serviceability tool is in use, please run with -XX:+EnableDynamicAgentLoading to hide this warning
WARNING: If a serviceability tool is not in use, please run with -Djdk.instrument.traceUsage for more information
WARNING: Dynamic loading of agents will be disallowed by default in a future release
]]></system-err>
  </testcase>
</testsuite>